<?xml version="1.0" encoding="UTF-8"?>
<testsuite xmlns:xsi="http://www.w3.org/2001/XMLSchema-instance" xsi:noNamespaceSchemaLocation="https://maven.apache.org/surefire/maven-surefire-plugin/xsd/surefire-test-report-3.0.xsd" version="3.0" name="com.herokuapp.tests.JavaScriptAlertsTests" time="4.098" tests="1" errors="0" skipped="0" failures="0">
  <properties>
[...]
</properties>
  <testcase name="alertTest" classname="com.herokuapp.tests.JavaScriptAlertsTests" time="4.097">
    <system-out><![CDATA[16:30:19.390 [main] INFO  com.herokuapp.utils.MyListener -- Open URL - https://the-internet.herokuapp.com/
16:30:22.052 [main] INFO  com.herokuapp.core.TestBase -- Start test Verify to 'You successfully clicked an alert' is displayed
16:30:22.079 [main] INFO  com.herokuapp.utils.MyListener -- We found element Decorated {[[ChromeDriver: chrome on windows (389a92ba3a28e2b0008909f68049fa50)] -> xpath: //a[normalize-space(text())='JavaScript Alerts']]}
16:30:22.080 [main] INFO  com.herokuapp.utils.MyListener -- We click on element [[ChromeDriver: chrome on windows (389a92ba3a28e2b0008909f68049fa50)] -> xpath: //a[normalize-space(text())='JavaScript Alerts']]
16:30:22.328 [main] INFO  com.herokuapp.utils.MyListener -- We found element Decorated {[[ChromeDriver: chrome on windows (389a92ba3a28e2b0008909f68049fa50)] -> xpath: //button[normalize-space(text())='Click for JS Alert']]}
16:30:22.329 [main] INFO  com.herokuapp.utils.MyListener -- We click on element [[ChromeDriver: chrome on windows (389a92ba3a28e2b0008909f68049fa50)] -> xpath: //button[normalize-space(text())='Click for JS Alert']]
16:30:22.416 [main] INFO  com.herokuapp.utils.MyListener -- We found element Decorated {[[ChromeDriver: chrome on windows (389a92ba3a28e2b0008909f68049fa50)] -> id: result]}
16:30:22.598 [main] INFO  com.herokuapp.core.TestBase -- Stop test 
16:30:22.598 [main] INFO  com.herokuapp.core.TestBase -- ===============================================================
]]></system-out>
  </testcase>
</testsuite>